<?xml version="1.0" encoding="UTF-8"?>
<!-- Generated by org.testng.reporters.JUnitReportReporter -->
<testsuite hostname="Krishna" name="com.president.Presidentgivenyear" tests="2" failures="0" timestamp="24 Sep 2015 17:15:54 GMT" time="102.951" errors="0">
  <testcase name="president" time="60.009" classname="com.president.Presidentgivenyear"/>
  <testcase name="president" time="42.942" classname="com.president.Presidentgivenyear"/>
</testsuite> <!-- com.president.Presidentgivenyear -->
